make all --print-data-base --no-builtin-variables --no-builtin-rules --question
# GNU Make 3.81
# Copyright (C) 2006  Free Software Foundation, Inc.
# This is free software; see the source for copying conditions.
# There is NO warranty; not even for MERCHANTABILITY or FITNESS FOR A
# PARTICULAR PURPOSE.

# This program built for i386-apple-darwin11.3.0
 
make: *** No rule to make target `all'.  Stop.
 

# Make data base, printed on Mon Mar 14 12:48:38 2022

# Variables

# automatic
 
<D = $(patsubst %/,%,$(dir $<))
# automatic
?F = $(notdir $?)
# environment
ELECTRON_NO_ATTACH_CONSOLE = 1
# environment
VSCODE_LOG_NATIVE = false
# environment
NVM_INC = /Users/francesco/.nvm/versions/node/v14.19.0/include/node
# automatic
?D = $(patsubst %/,%,$(dir $?))
# automatic
@D = $(patsubst %/,%,$(dir $@))
# automatic
@F = $(notdir $@)
# makefile
CURDIR := /Users/francesco/computer-graphics/A04
# makefile
SHELL = /bin/sh
# environment
VSCODE_NLS_CONFIG = {"locale":"it","availableLanguages":{"*":"it"},"_languagePackId":"e80f1ea2a12bd78ea7dadc65ad0850b3.it","_translationsConfigFile":"/Users/francesco/Library/Application Support/Code/clp/e80f1ea2a12bd78ea7dadc65ad0850b3.it/tcf.json","_cacheRoot":"/Users/francesco/Library/Application Support/Code/clp/e80f1ea2a12bd78ea7dadc65ad0850b3.it","_resolvedLanguagePackCoreLocation":"/Users/francesco/Library/Application Support/Code/clp/e80f1ea2a12bd78ea7dadc65ad0850b3.it/8908a9ca0f221f36507231afb39d2d8d1e182702","_corruptedFile":"/Users/francesco/Library/Application Support/Code/clp/e80f1ea2a12bd78ea7dadc65ad0850b3.it/corrupted.info","_languagePackSupport":true}
# environment
_ = /usr/bin/make
# makefile (from `Makefile', line 2)
CFLAGS = -std=c++17 -O2
# makefile (from `Makefile', line 1)
MAKEFILE_LIST :=  Makefile
# environment
VSCODE_VERBOSE_LOGGING = true
# environment
__CFBundleIdentifier = com.microsoft.VSCode
# environment
VSCODE_IPC_HOOK_EXTHOST = /var/folders/sb/mg7lbl6n1dl7g3hrzlxsjm2c0000gn/T/vscode-ipc-31c0b43f-77c9-4005-be42-66993ef89b60.sock
# environment
VSCODE_CWD = /Users/francesco/computer-graphics/A04
# environment
PATH = /Users/francesco/.nvm/versions/node/v14.19.0/bin:/opt/homebrew/opt/node@16/bin:/Users/francesco/bin:/Users/francesco/Library/Python/3.9/bin:/usr/local/opt/coreutils/libexec/gnubin:/opt/homebrew/bin:/usr/local/bin:/usr/bin:/bin:/usr/sbin:/sbin:/Applications/VMware Fusion.app/Contents/Public:/Library/TeX/texbin:/usr/local/MacGPG2/bin:/Library/Apple/usr/bin:/Applications/Wireshark.app/Contents/MacOS
# environment
LSCOLORS = Gxfxcxdxbxegedabagacad
# environment
VIRTUAL_ENV = /Users/francesco/projects/filecrypt-downloader/venv
# environment
LIBRARY_PATH = /opt/homebrew/lib
# environment
CPATH = /opt/homebrew/include
# environment
SPACESHIP_VERSION = 3.16.1
# environment
NVM_BIN = /Users/francesco/.nvm/versions/node/v14.19.0/bin
# environment
VSCODE_LOG_STACK = false
# environment
ELECTRON_RUN_AS_NODE = 1
# makefile (from `Makefile', line 4)
LDFLAGS = -lglfw -lvulkan -ldl -lpthread
# default
.FEATURES := target-specific order-only second-expansion else-if archives jobserver check-symlink
# environment
CDPATH = .:~/Library/Application Support/abnerworks.Typora/:
# environment
SSH_AUTH_SOCK = /private/tmp/com.apple.launchd.28sZYLnSUG/Listeners
# automatic
%F = $(notdir $%)
# environment
VSCODE_PIPE_LOGGING = true
# environment
PWD = /Users/francesco/computer-graphics/A04
# environment
ORIGINAL_XDG_CURRENT_DESKTOP = undefined
# environment
VSCODE_AMD_ENTRYPOINT = vs/workbench/api/node/extensionHostProcess
# environment
HOME = /Users/francesco
# default
MAKEFILEPATH = $(shell /usr/bin/xcode-select -print-path 2>/dev/null || echo /Developer)/Makefiles
# environment
VSCODE_CLI = 1
# environment
VSCODE_CODE_CACHE_PATH = /Users/francesco/Library/Application Support/Code/CachedData/8908a9ca0f221f36507231afb39d2d8d1e182702
# environment
LOGNAME = francesco
# environment
APPLICATION_INSIGHTS_NO_DIAGNOSTIC_CHANNEL = true
# environment
NVM_CD_FLAGS = -q
# environment
ZSH = /Users/francesco/.oh-my-zsh
# environment
VSCODE_HANDLES_UNCAUGHT_ERRORS = true
# automatic
^D = $(patsubst %/,%,$(dir $^))
# environment
XPC_FLAGS = 0x0
# environment
COLORTERM = truecolor
# default
MAKE = $(MAKE_COMMAND)
# environment
LC_TERMINAL = iTerm2
# environment
SHLVL = 3
# default
MAKE_VERSION := 3.81
# environment
USER = francesco
# makefile
.DEFAULT_GOAL := A04
# default
MAKECMDGOALS := all
# environment
TERM_SESSION_ID = w2t0p0:6D940FFC-7B4E-4CA1-A092-E8ECDF4343FE
# environment
LESS = -R
# automatic
%D = $(patsubst %/,%,$(dir $%))
# default
MAKE_COMMAND := /Library/Developer/CommandLineTools/usr/bin/make
# makefile (from `Makefile', line 3)
INC = -I./headers
# environment
TERM_PROGRAM = iTerm.app
# default
 
.VARIABLES := 
# environment
TMPDIR = /var/folders/sb/mg7lbl6n1dl7g3hrzlxsjm2c0000gn/T/
# automatic
*F = $(notdir $*)
# environment
VSCODE_IPC_HOOK = /Users/francesco/Library/Application Support/Code/1.65.1-main.sock
# makefile
MAKEFLAGS = Rrqp
# environment
MFLAGS = -Rrqp
# automatic
*D = $(patsubst %/,%,$(dir $*))
# environment
TERM_PROGRAM_VERSION = 3.5.0beta4
# environment
NVM_DIR = /Users/francesco/.nvm
# environment
XPC_SERVICE_NAME = application.com.microsoft.VSCode.17633251.17633257.5888F48E-0640-45CB-A226-8E7A365E88EA
# environment
LC_TERMINAL_VERSION = 3.5.0beta4
# automatic
+D = $(patsubst %/,%,$(dir $+))
# automatic
+F = $(notdir $+)
# environment
TERMINFO_DIRS = /Applications/iTerm.app/Contents/Resources/terminfo:/usr/share/terminfo
# environment
ITERM_SESSION_ID = w2t0p0:6D940FFC-7B4E-4CA1-A092-E8ECDF4343FE
# environment
COLORFGBG = 15;0
# environment
__CF_USER_TEXT_ENCODING = 0x1F5:0x0:0x4
# environment
COMMAND_MODE = unix2003
# default
MAKEFILES := 
# automatic
<F = $(notdir $<)
# environment
ITERM_PROFILE = Default
# environment
PAGER = less
# environment
LC_ALL = C
# environment
SPACESHIP_ROOT = /Users/francesco/.oh-my-zsh/custom/themes/spaceship-prompt
# automatic
^F = $(notdir $^)
# default
SUFFIXES := 
# default
.INCLUDE_DIRS = /usr/local/include
# makefile (from `Makefile', line 1)
PROJ_NAME = $(notdir $(shell pwd))
# environment
MAKELEVEL := 0
# environment
LANG = C
# environment
TERM = xterm-256color
# environment
VSCODE_PID = 50531
# variable set hash-table stats:
# Load=93/1024=9%, Rehash=0, Collisions=4/123=3%

# Pattern-specific Variable Values

# No pattern-specific variable values.

# Directories

# . (device 16777231, inode 21932142): 13 files, no impossibilities.

# 13 files, no impossibilities in 1 directories.

# Implicit Rules

# No implicit rules.

# Files

# Not a target:
all:
#  Command-line target.
#  Implicit rule search has been done.
#  File does not exist.
#  File has not been updated.
# variable set hash-table stats:
# Load=0/32=0%, Rehash=0, Collisions=0/0=0%

.PHONY: test clean
#  Implicit rule search has not been done.
#  Modification time never checked.
#  File has not been updated.

# Not a target:
.SUFFIXES:
#  Implicit rule search has not been done.
#  Modification time never checked.
#  File has not been updated.

# Not a target:
Makefile:
#  Implicit rule search has been done.
#  Last modified 2022-03-14 12:39:09
#  File has been updated.
#  Successfully updated.
# variable set hash-table stats:
# Load=0/32=0%, Rehash=0, Collisions=0/0=0%

test: A04
#  Phony target (prerequisite of .PHONY).
#  Implicit rule search has not been done.
#  File does not exist.
#  File has not been updated.
#  commands to execute (from `Makefile', line 12):
	./$(PROJ_NAME)
	

# Not a target:
main.cpp:
#  Implicit rule search has not been done.
#  Modification time never checked.
#  File has not been updated.

# Not a target:
.DEFAULT:
#  Implicit rule search has not been done.
#  Modification time never checked.
#  File has not been updated.

clean:
#  Phony target (prerequisite of .PHONY).
#  Implicit rule search has not been done.
#  File does not exist.
#  File has not been updated.
#  commands to execute (from `Makefile', line 15):
	rm -f $(PROJ_NAME)
	

A04: main.cpp
#  Implicit rule search has not been done.
#  Modification time never checked.
#  File has not been updated.
#  commands to execute (from `Makefile', line 7):
	g++ $(CFLAGS) $(INC) -o $(PROJ_NAME) main.cpp $(LDFLAGS)
	

# files hash-table stats:
# Load=9/1024=1%, Rehash=0, Collisions=0/25=0%
# VPATH Search Paths

# No `vpath' search paths.

# No general (`VPATH' variable) search path.

# # of strings in strcache: 1
# # of strcache buffers: 1
# strcache size: total = 4096 / max = 4096 / min = 4096 / avg = 4096
# strcache free: total = 4087 / max = 4087 / min = 4087 / avg = 4087

# Finished Make data base on Mon Mar 14 12:48:38 2022

 
