make all --print-data-base --no-builtin-variables --no-builtin-rules --question
# GNU Make 3.81
# Copyright (C) 2006  Free Software Foundation, Inc.
# This is free software; see the source for copying conditions.
# There is NO warranty; not even for MERCHANTABILITY or FITNESS FOR A
# PARTICULAR PURPOSE.

# This program built for i386-apple-darwin11.3.0
 
make: *** No rule to make target `all'.  Stop.


# Make data base, printed on Wed Apr 20 21:39:09 2022

# Variables

# automatic
<D = $(patsubst %/,%,$(dir $<))
# automatic
?F = $(notdir $?)
# environment
VSCODE_LOG_NATIVE = false
# environment
NVM_INC = /Users/francesco/.nvm/versions/node/v14.19.0/include/node
# automatic
?D = $(patsubst %/,%,$(dir $?))
# environment
CPPFLAGS =  -I/usr/local/opt/zlib/include
# automatic
@D = $(patsubst %/,%,$(dir $@))
# automatic
@F = $(notdir $@)
# makefile
CURDIR := /Users/francesco/computer-graphics/assignments/A12
# makefile
SHELL = /bin/sh
# environment
VSCODE_NLS_CONFIG = {"locale":"it","availableLanguages":{"*":"it"},"_languagePackId":"bf5b1b4990ee4163837da031589a68cd.it","_translationsConfigFile":"/Users/francesco/Library/Application Support/Code/clp/bf5b1b4990ee4163837da031589a68cd.it/tcf.json","_cacheRoot":"/Users/francesco/Library/Application Support/Code/clp/bf5b1b4990ee4163837da031589a68cd.it","_resolvedLanguagePackCoreLocation":"/Users/francesco/Library/Application Support/Code/clp/bf5b1b4990ee4163837da031589a68cd.it/dfd34e8260c270da74b5c2d86d61aee4b6d56977","_corruptedFile":"/Users/francesco/Library/Application Support/Code/clp/bf5b1b4990ee4163837da031589a68cd.it/corrupted.info","_languagePackSupport":true}
# environment
_ = /usr/bin/make
# makefile (from `Makefile', line 2)
CFLAGS = -std=c++17 -O2
# makefile (from `Makefile', line 1)
MAKEFILE_LIST :=  Makefile
# environment
VSCODE_VERBOSE_LOGGING = true
# environment
__CFBundleIdentifier = com.microsoft.VSCode
# environment
VSCODE_IPC_HOOK_EXTHOST = /var/folders/sb/mg7lbl6n1dl7g3hrzlxsjm2c0000gn/T/vscode-ipc-ed1f0c3c-933c-4a90-9253-2b9b7268bd11.sock
# environment
VSCODE_CWD = /
# environment
PATH = /Users/francesco/Library/Python/3.9/bin:/usr/local/opt/coreutils/libexec/gnubin:/opt/homebrew/bin:/opt/homebrew/opt/node@16/bin:/Users/francesco/bin:/Users/francesco/.nvm/versions/node/v14.19.0/bin:/opt/local/bin:/opt/local/sbin:/usr/local/bin:/usr/bin:/bin:/usr/sbin:/sbin:/Applications/VMware Fusion.app/Contents/Public:/Library/TeX/texbin:/usr/local/MacGPG2/bin:/Library/Apple/usr/bin:/Applications/Wireshark.app/Contents/MacOS:/Users/francesco/.local/bin:/Users/francesco/.local/bin:/Applications/ARM/bin
# environment
LSCOLORS = Gxfxcxdxbxegedabagacad
# environment
LIBRARY_PATH = /opt/homebrew/lib
# environment
CPATH = /opt/homebrew/include
# environment
SPACESHIP_VERSION = 3.16.1
# environment
PKG_CONFIG_PAGH = {PKG_CONFIG_PATH} /usr/local/opt/zlib/lib/pkgconfig
# environment
NVM_BIN = /Users/francesco/.nvm/versions/node/v14.19.0/bin
# environment
VSCODE_LOG_STACK = false
# environment
ELECTRON_RUN_AS_NODE = 1
# makefile (from `Makefile', line 4)
LDFLAGS = -lglfw -lvulkan -ldl -lpthread
# default
.FEATURES := target-specific order-only second-expansion else-if archives jobserver check-symlink
# environment
CDPATH = .:~/Library/Application Support/abnerworks.Typora/:
# environment
HOMEBREW_GITHUB_API_TOKEN = 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
# environment
SSH_AUTH_SOCK = /private/tmp/com.apple.launchd.wUf1jVBbdb/Listeners
# automatic
%F = $(notdir $%)
# environment
VSCODE_PIPE_LOGGING = true
# environment
PWD = /Users/francesco/computer-graphics/assignments/A12
# environment
ORIGINAL_XDG_CURRENT_DESKTOP = undefined
# environment
VSCODE_AMD_ENTRYPOINT = vs/workbench/api/node/extensionHostProcess
# environment
HOME = /Users/francesco
# default
MAKEFILEPATH = $(shell /usr/bin/xcode-select -print-path 2>/dev/null || echo /Developer)/Makefiles
# environment
VSCODE_CODE_CACHE_PATH = /Users/francesco/Library/Application Support/Code/CachedData/dfd34e8260c270da74b5c2d86d61aee4b6d56977
# environment
LOGNAME = francesco
# environment
APPLICATION_INSIGHTS_NO_DIAGNOSTIC_CHANNEL = true
# environment
NVM_CD_FLAGS = -q
# environment
ZSH = /Users/francesco/.oh-my-zsh
# environment
VSCODE_HANDLES_UNCAUGHT_ERRORS = true
# automatic
^D = $(patsubst %/,%,$(dir $^))
# environment
XPC_FLAGS = 0x0
# default
MAKE = $(MAKE_COMMAND)
# default
MAKECMDGOALS := all
# environment
SHLVL = 1
# default
MAKE_VERSION := 3.81
# environment
USER = francesco
# makefile
.DEFAULT_GOAL := A12
# environment
LESS = -R
# automatic
%D = $(patsubst %/,%,$(dir $%))
# default
MAKE_COMMAND := /Library/Developer/CommandLineTools/usr/bin/make
# makefile (from `Makefile', line 3)
INC = -I./headers
# default
.VARIABLES := 
# environment
TMPDIR = /var/folders/sb/mg7lbl6n1dl7g3hrzlxsjm2c0000gn/T/
# automatic
*F = $(notdir $*)
# environment
VSCODE_IPC_HOOK = /Users/francesco/Library/Application Support/Code/1.66.2-main.sock
# environment
SPACESHIP_CHAR_SYMBOL = > 
# makefile
MAKEFLAGS = Rrqp
# environment
MFLAGS = -Rrqp
# automatic
*D = $(patsubst %/,%,$(dir $*))
# environment
NVM_DIR = /Users/francesco/.nvm
# environment
XPC_SERVICE_NAME = application.com.microsoft.VSCode.28344474.28344480
# automatic
+D = $(patsubst %/,%,$(dir $+))
# automatic
+F = $(notdir $+)
# environment
__CF_USER_TEXT_ENCODING = 0x1F5:0x0:0x4
# environment
COMMAND_MODE = unix2003
# default
MAKEFILES := 
# automatic
<F = $(notdir $<)
# environment
PAGER = less
# environment
LC_ALL = C
# environment
SPACESHIP_ROOT = /Users/francesco/.oh-my-zsh/custom/themes/spaceship-prompt
# automatic
^F = $(notdir $^)
# default
SUFFIXES := 
# default
.INCLUDE_DIRS = /usr/local/include
# makefile (from `Makefile', line 1)
PROJ_NAME = $(notdir $(shell pwd))
# environment
MAKELEVEL := 0
# environment
LANG = C
# environment
VSCODE_PID = 9380
# variable set hash-table stats:
# Load=83/1024=8%, Rehash=0, Collisions=2/114=2%

# Pattern-specific Variable Values

# No pattern-specific variable values.

# Directories

# . (device 16777232, inode 27575411): 8 files, no impossibilities.

# 8 files, no impossibilities in 1 directories.

# Implicit Rules

# No implicit rules.

# Files

# Not a target:
all:
#  Command-line target.
#  Implicit rule search has been done.
#  File does not exist.
#  File has not been updated.
# variable set hash-table stats:
# Load=0/32=0%, Rehash=0, Collisions=0/0=0%

.PHONY: test clean
#  Implicit rule search has not been done.
#  Modification time never checked.
#  File has not been updated.

# Not a target:
.SUFFIXES:
#  Implicit rule search has not been done.
#  Modification time never checked.
#  File has not been updated.

# Not a target:
Makefile:
#  Implicit rule search has been done.
#  Last modified 2022-04-16 18:09:41
#  File has been updated.
#  Successfully updated.
# variable set hash-table stats:
# Load=0/32=0%, Rehash=0, Collisions=0/0=0%

test: A12
#  Phony target (prerequisite of .PHONY).
#  Implicit rule search has not been done.
#  File does not exist.
#  File has not been updated.
#  commands to execute (from `Makefile', line 12):
	./$(PROJ_NAME)
	

build:
#  Implicit rule search has not been done.
#  Modification time never checked.
#  File has not been updated.
#  commands to execute (from `Makefile', line 15):
	g++ $(CFLAGS) $(INC) -o $(PROJ_NAME) main.cpp $(LDFLAGS)
	

A12: main.cpp
#  Implicit rule search has not been done.
#  Modification time never checked.
#  File has not been updated.
#  commands to execute (from `Makefile', line 7):
	g++ $(CFLAGS) $(INC) -o $(PROJ_NAME) main.cpp $(LDFLAGS)
	

# Not a target:
main.cpp:
#  Implicit rule search has not been done.
#  Modification time never checked.
#  File has not been updated.

# Not a target:
.DEFAULT:
#  Implicit rule search has not been done.
#  Modification time never checked.
#  File has not been updated.

clean:
#  Phony target (prerequisite of .PHONY).
#  Implicit rule search has not been done.
#  File does not exist.
#  File has not been updated.
#  commands to execute (from `Makefile', line 18):
	rm -f $(PROJ_NAME)	
	

# files hash-table stats:
# Load=10/1024=1%, Rehash=0, Collisions=0/26=0%
# VPATH Search Paths

# No `vpath' search paths.

# No general (`VPATH' variable) search path.

# # of strings in strcache: 1
# # of strcache buffers: 1
# strcache size: total = 4096 / max = 4096 / min = 4096 / avg = 4096
# strcache free: total = 4087 / max = 4087 / min = 4087 / avg = 4087

# Finished Make data base on Wed Apr 20 21:39:09 2022

 
